0 verbose cli /usr/local/bin/node /usr/local/bin/npm
1 info using npm@11.5.2
2 info using node@v22.17.1
3 silly config load:file:/usr/local/lib/node_modules/npm/npmrc
4 silly config load:file:/Users/paolagisler/Desktop/Pedro/version3-urbanspirit/.npmrc
5 silly config load:file:/Users/paolagisler/.npmrc
6 silly config load:file:/usr/local/etc/npmrc
7 verbose title npm install framer-motion lucide-react @radix-ui/react-dialog
8 verbose argv "install" "framer-motion" "lucide-react" "@radix-ui/react-dialog"
9 verbose logfile logs-max:10 dir:/Users/paolagisler/Desktop/Pedro/version3-urbanspirit/npm-cache/_logs/2025-08-09T03_22_38_481Z-
10 verbose logfile /Users/paolagisler/Desktop/Pedro/version3-urbanspirit/npm-cache/_logs/2025-08-09T03_22_38_481Z-debug-0.log
11 silly logfile done cleaning log files
12 silly packumentCache heap:4345298944 maxSize:1086324736 maxEntrySize:543162368
13 silly idealTree buildDeps
14 silly fetch manifest framer-motion@*
15 silly packumentCache full:https://registry.npmjs.org/framer-motion cache-miss
16 http fetch GET 200 https://registry.npmjs.org/npm 214ms
17 http fetch GET 200 https://registry.npmjs.org/framer-motion 221ms (cache miss)
18 silly packumentCache full:https://registry.npmjs.org/framer-motion set size:undefined disposed:false
19 silly fetch manifest @emotion/is-prop-valid@*
20 silly packumentCache full:https://registry.npmjs.org/@emotion%2fis-prop-valid cache-miss
21 http fetch GET 200 https://registry.npmjs.org/@emotion%2fis-prop-valid 289ms (cache miss)
22 silly packumentCache full:https://registry.npmjs.org/@emotion%2fis-prop-valid set size:undefined disposed:false
23 silly fetch manifest react@19.1.0
24 silly packumentCache full:https://registry.npmjs.org/react cache-miss
25 http fetch GET 200 https://registry.npmjs.org/react 326ms (cache miss)
26 silly packumentCache full:https://registry.npmjs.org/react set size:undefined disposed:false
27 silly fetch manifest react-dom@19.1.0
28 silly packumentCache full:https://registry.npmjs.org/react-dom cache-miss
29 http fetch GET 200 https://registry.npmjs.org/react-dom 352ms (cache miss)
30 silly packumentCache full:https://registry.npmjs.org/react-dom set size:undefined disposed:false
31 silly fetch manifest lucide-react@*
32 silly packumentCache full:https://registry.npmjs.org/lucide-react cache-miss
33 http fetch GET 200 https://registry.npmjs.org/lucide-react 104ms (cache miss)
34 silly packumentCache full:https://registry.npmjs.org/lucide-react set size:undefined disposed:false
35 silly fetch manifest @radix-ui/react-dialog@*
36 silly packumentCache full:https://registry.npmjs.org/@radix-ui%2freact-dialog cache-miss
37 http fetch GET 200 https://registry.npmjs.org/@radix-ui%2freact-dialog 322ms (cache miss)
38 silly packumentCache full:https://registry.npmjs.org/@radix-ui%2freact-dialog set size:undefined disposed:false
39 silly fetch manifest @types/react@^19
40 silly packumentCache full:https://registry.npmjs.org/@types%2freact cache-miss
41 http fetch GET 200 https://registry.npmjs.org/@types%2freact 143ms (cache miss)
42 silly packumentCache full:https://registry.npmjs.org/@types%2freact set size:undefined disposed:false
43 silly fetch manifest @types/react-dom@^19
44 silly packumentCache full:https://registry.npmjs.org/@types%2freact-dom cache-miss
45 http fetch GET 200 https://registry.npmjs.org/@types%2freact-dom 145ms (cache miss)
46 silly packumentCache full:https://registry.npmjs.org/@types%2freact-dom set size:undefined disposed:false
47 silly placeDep ROOT @radix-ui/react-dialog@1.1.14 OK for: version3-urbanspirit@0.1.0 want: *
48 silly placeDep ROOT framer-motion@12.23.12 OK for: version3-urbanspirit@0.1.0 want: *
49 silly placeDep ROOT lucide-react@0.539.0 OK for: version3-urbanspirit@0.1.0 want: *
50 silly fetch manifest aria-hidden@^1.2.4
51 silly packumentCache full:https://registry.npmjs.org/aria-hidden cache-miss
52 silly fetch manifest @radix-ui/react-id@1.1.1
53 silly packumentCache full:https://registry.npmjs.org/@radix-ui%2freact-id cache-miss
54 silly fetch manifest @radix-ui/primitive@1.1.2
55 silly packumentCache full:https://registry.npmjs.org/@radix-ui%2fprimitive cache-miss
56 silly fetch manifest react-remove-scroll@^2.6.3
57 silly packumentCache full:https://registry.npmjs.org/react-remove-scroll cache-miss
58 silly fetch manifest @radix-ui/react-slot@1.2.3
59 silly packumentCache full:https://registry.npmjs.org/@radix-ui%2freact-slot cache-miss
60 silly fetch manifest @radix-ui/react-portal@1.1.9
61 silly packumentCache full:https://registry.npmjs.org/@radix-ui%2freact-portal cache-miss
62 silly fetch manifest @radix-ui/react-context@1.1.2
63 silly packumentCache full:https://registry.npmjs.org/@radix-ui%2freact-context cache-miss
64 silly fetch manifest @radix-ui/react-presence@1.1.4
65 silly packumentCache full:https://registry.npmjs.org/@radix-ui%2freact-presence cache-miss
66 silly fetch manifest @radix-ui/react-primitive@2.1.3
67 silly packumentCache full:https://registry.npmjs.org/@radix-ui%2freact-primitive cache-miss
68 http fetch GET 200 https://registry.npmjs.org/aria-hidden 84ms (cache miss)
69 silly packumentCache full:https://registry.npmjs.org/aria-hidden set size:undefined disposed:false
70 silly fetch manifest @radix-ui/react-focus-scope@1.1.7
71 silly packumentCache full:https://registry.npmjs.org/@radix-ui%2freact-focus-scope cache-miss
72 http fetch GET 200 https://registry.npmjs.org/react-remove-scroll 102ms (cache miss)
73 silly packumentCache full:https://registry.npmjs.org/react-remove-scroll set size:undefined disposed:false
74 silly fetch manifest @radix-ui/react-compose-refs@1.1.2
75 silly packumentCache full:https://registry.npmjs.org/@radix-ui%2freact-compose-refs cache-miss
76 http fetch GET 200 https://registry.npmjs.org/@radix-ui%2freact-presence 329ms (cache miss)
77 silly packumentCache full:https://registry.npmjs.org/@radix-ui%2freact-presence set size:undefined disposed:false
78 silly fetch manifest @radix-ui/react-focus-guards@1.1.2
79 silly packumentCache full:https://registry.npmjs.org/@radix-ui%2freact-focus-guards cache-miss
80 http fetch GET 200 https://registry.npmjs.org/@radix-ui%2fprimitive 342ms (cache miss)
81 silly packumentCache full:https://registry.npmjs.org/@radix-ui%2fprimitive set size:undefined disposed:false
82 silly fetch manifest @radix-ui/react-dismissable-layer@1.1.10
83 silly packumentCache full:https://registry.npmjs.org/@radix-ui%2freact-dismissable-layer cache-miss
84 http fetch GET 200 https://registry.npmjs.org/@radix-ui%2freact-slot 356ms (cache miss)
85 silly packumentCache full:https://registry.npmjs.org/@radix-ui%2freact-slot set size:undefined disposed:false
86 silly fetch manifest @radix-ui/react-use-controllable-state@1.2.2
87 silly packumentCache full:https://registry.npmjs.org/@radix-ui%2freact-use-controllable-state cache-miss
88 http fetch GET 200 https://registry.npmjs.org/@radix-ui%2freact-primitive 369ms (cache miss)
89 silly packumentCache full:https://registry.npmjs.org/@radix-ui%2freact-primitive set size:undefined disposed:false
90 silly fetch manifest motion-dom@^12.23.12
91 silly packumentCache full:https://registry.npmjs.org/motion-dom cache-miss
92 http fetch GET 200 https://registry.npmjs.org/@radix-ui%2freact-portal 374ms (cache miss)
93 silly packumentCache full:https://registry.npmjs.org/@radix-ui%2freact-portal set size:undefined disposed:false
94 silly fetch manifest motion-utils@^12.23.6
95 silly packumentCache full:https://registry.npmjs.org/motion-utils cache-miss
96 http fetch GET 200 https://registry.npmjs.org/@radix-ui%2freact-compose-refs 290ms (cache miss)
97 silly packumentCache full:https://registry.npmjs.org/@radix-ui%2freact-compose-refs set size:undefined disposed:false
98 http fetch GET 200 https://registry.npmjs.org/@radix-ui%2freact-focus-scope 310ms (cache miss)
99 silly packumentCache full:https://registry.npmjs.org/@radix-ui%2freact-focus-scope set size:undefined disposed:false
100 http fetch GET 200 https://registry.npmjs.org/motion-dom 35ms (cache miss)
101 silly packumentCache full:https://registry.npmjs.org/motion-dom set size:undefined disposed:false
102 http fetch GET 200 https://registry.npmjs.org/motion-utils 53ms (cache miss)
103 silly packumentCache full:https://registry.npmjs.org/motion-utils set size:undefined disposed:false
104 http fetch GET 200 https://registry.npmjs.org/@radix-ui%2freact-context 451ms (cache miss)
105 silly packumentCache full:https://registry.npmjs.org/@radix-ui%2freact-context set size:undefined disposed:false
106 http fetch GET 200 https://registry.npmjs.org/@radix-ui%2freact-focus-guards 276ms (cache miss)
107 silly packumentCache full:https://registry.npmjs.org/@radix-ui%2freact-focus-guards set size:undefined disposed:false
108 http fetch GET 200 https://registry.npmjs.org/@radix-ui%2freact-use-controllable-state 303ms (cache miss)
109 silly packumentCache full:https://registry.npmjs.org/@radix-ui%2freact-use-controllable-state set size:undefined disposed:false
110 http fetch GET 200 https://registry.npmjs.org/@radix-ui%2freact-dismissable-layer 322ms (cache miss)
111 silly packumentCache full:https://registry.npmjs.org/@radix-ui%2freact-dismissable-layer set size:undefined disposed:false
112 http fetch GET 200 https://registry.npmjs.org/@radix-ui%2freact-id 1427ms (cache miss)
113 silly packumentCache full:https://registry.npmjs.org/@radix-ui%2freact-id set size:undefined disposed:false
114 silly fetch manifest @types/react@*
115 silly packumentCache full:https://registry.npmjs.org/@types%2freact cache-miss
116 http cache https://registry.npmjs.org/@types%2freact 6ms (cache hit)
117 silly packumentCache full:https://registry.npmjs.org/@types%2freact set size:2417342 disposed:false
118 silly fetch manifest react@^16.8 || ^17.0 || ^18.0 || ^19.0 || ^19.0.0-rc
119 silly packumentCache full:https://registry.npmjs.org/react cache-miss
120 http cache https://registry.npmjs.org/react 10ms (cache hit)
121 silly packumentCache full:https://registry.npmjs.org/react set size:5926605 disposed:false
122 silly fetch manifest @types/react-dom@*
123 silly packumentCache full:https://registry.npmjs.org/@types%2freact-dom cache-miss
124 http cache https://registry.npmjs.org/@types%2freact-dom 4ms (cache hit)
125 silly packumentCache full:https://registry.npmjs.org/@types%2freact-dom set size:406522 disposed:false
126 silly fetch manifest react-dom@^16.8 || ^17.0 || ^18.0 || ^19.0 || ^19.0.0-rc
127 silly packumentCache full:https://registry.npmjs.org/react-dom cache-miss
128 http cache https://registry.npmjs.org/react-dom 8ms (cache hit)
129 silly packumentCache full:https://registry.npmjs.org/react-dom set size:7627611 disposed:false
130 silly placeDep ROOT @radix-ui/primitive@1.1.2 OK for: @radix-ui/react-dialog@1.1.14 want: 1.1.2
131 silly placeDep ROOT @radix-ui/react-compose-refs@1.1.2 OK for: @radix-ui/react-dialog@1.1.14 want: 1.1.2
132 silly placeDep ROOT @radix-ui/react-context@1.1.2 OK for: @radix-ui/react-dialog@1.1.14 want: 1.1.2
133 silly placeDep ROOT @radix-ui/react-dismissable-layer@1.1.10 OK for: @radix-ui/react-dialog@1.1.14 want: 1.1.10
134 silly placeDep ROOT @radix-ui/react-focus-guards@1.1.2 OK for: @radix-ui/react-dialog@1.1.14 want: 1.1.2
135 silly placeDep ROOT @radix-ui/react-focus-scope@1.1.7 OK for: @radix-ui/react-dialog@1.1.14 want: 1.1.7
136 silly placeDep ROOT @radix-ui/react-id@1.1.1 OK for: @radix-ui/react-dialog@1.1.14 want: 1.1.1
137 silly placeDep ROOT @radix-ui/react-portal@1.1.9 OK for: @radix-ui/react-dialog@1.1.14 want: 1.1.9
138 silly placeDep ROOT @radix-ui/react-presence@1.1.4 OK for: @radix-ui/react-dialog@1.1.14 want: 1.1.4
139 silly placeDep ROOT @radix-ui/react-primitive@2.1.3 OK for: @radix-ui/react-dialog@1.1.14 want: 2.1.3
140 silly placeDep ROOT @radix-ui/react-slot@1.2.3 OK for: @radix-ui/react-dialog@1.1.14 want: 1.2.3
141 silly placeDep ROOT @radix-ui/react-use-controllable-state@1.2.2 OK for: @radix-ui/react-dialog@1.1.14 want: 1.2.2
142 silly placeDep ROOT aria-hidden@1.2.6 OK for: @radix-ui/react-dialog@1.1.14 want: ^1.2.4
143 silly placeDep ROOT react-remove-scroll@2.7.1 OK for: @radix-ui/react-dialog@1.1.14 want: ^2.6.3
144 silly fetch manifest @radix-ui/react-use-callback-ref@1.1.1
145 silly packumentCache full:https://registry.npmjs.org/@radix-ui%2freact-use-callback-ref cache-miss
146 silly fetch manifest @radix-ui/react-use-escape-keydown@1.1.1
147 silly packumentCache full:https://registry.npmjs.org/@radix-ui%2freact-use-escape-keydown cache-miss
148 silly fetch manifest @radix-ui/react-use-callback-ref@1.1.1
149 silly packumentCache full:https://registry.npmjs.org/@radix-ui%2freact-use-callback-ref cache-miss
150 silly fetch manifest @radix-ui/react-use-layout-effect@1.1.1
151 silly packumentCache full:https://registry.npmjs.org/@radix-ui%2freact-use-layout-effect cache-miss
152 silly fetch manifest @radix-ui/react-use-layout-effect@1.1.1
153 silly packumentCache full:https://registry.npmjs.org/@radix-ui%2freact-use-layout-effect cache-miss
154 silly fetch manifest @radix-ui/react-use-layout-effect@1.1.1
155 silly packumentCache full:https://registry.npmjs.org/@radix-ui%2freact-use-layout-effect cache-miss
156 silly fetch manifest @radix-ui/react-use-effect-event@0.0.2
157 silly packumentCache full:https://registry.npmjs.org/@radix-ui%2freact-use-effect-event cache-miss
158 silly fetch manifest @radix-ui/react-use-layout-effect@1.1.1
159 silly packumentCache full:https://registry.npmjs.org/@radix-ui%2freact-use-layout-effect cache-miss
160 silly fetch manifest react-remove-scroll-bar@^2.3.7
161 silly packumentCache full:https://registry.npmjs.org/react-remove-scroll-bar cache-miss
162 http fetch GET 200 https://registry.npmjs.org/react-remove-scroll-bar 143ms (cache miss)
163 silly packumentCache full:https://registry.npmjs.org/react-remove-scroll-bar set size:undefined disposed:false
164 silly fetch manifest react-style-singleton@^2.2.3
165 silly packumentCache full:https://registry.npmjs.org/react-style-singleton cache-miss
166 http fetch GET 200 https://registry.npmjs.org/react-style-singleton 83ms (cache miss)
167 silly packumentCache full:https://registry.npmjs.org/react-style-singleton set size:undefined disposed:false
168 silly fetch manifest use-callback-ref@^1.3.3
169 silly packumentCache full:https://registry.npmjs.org/use-callback-ref cache-miss
170 http fetch GET 200 https://registry.npmjs.org/@radix-ui%2freact-use-layout-effect 293ms (cache miss)
171 silly packumentCache full:https://registry.npmjs.org/@radix-ui%2freact-use-layout-effect set size:undefined disposed:false
172 silly fetch manifest use-sidecar@^1.1.3
173 silly packumentCache full:https://registry.npmjs.org/use-sidecar cache-miss
174 http fetch GET 200 https://registry.npmjs.org/@radix-ui%2freact-use-layout-effect 295ms (cache miss)
175 silly packumentCache full:https://registry.npmjs.org/@radix-ui%2freact-use-layout-effect set size:undefined disposed:false
176 http fetch GET 200 https://registry.npmjs.org/@radix-ui%2freact-use-layout-effect 296ms (cache miss)
177 silly packumentCache full:https://registry.npmjs.org/@radix-ui%2freact-use-layout-effect set size:undefined disposed:false
178 http fetch GET 200 https://registry.npmjs.org/@radix-ui%2freact-use-layout-effect 297ms (cache miss)
179 silly packumentCache full:https://registry.npmjs.org/@radix-ui%2freact-use-layout-effect set size:undefined disposed:false
180 http fetch GET 200 https://registry.npmjs.org/@radix-ui%2freact-use-callback-ref 300ms (cache miss)
181 silly packumentCache full:https://registry.npmjs.org/@radix-ui%2freact-use-callback-ref set size:undefined disposed:false
182 http fetch GET 200 https://registry.npmjs.org/@radix-ui%2freact-use-escape-keydown 308ms (cache miss)
183 silly packumentCache full:https://registry.npmjs.org/@radix-ui%2freact-use-escape-keydown set size:undefined disposed:false
184 http fetch GET 200 https://registry.npmjs.org/use-callback-ref 91ms (cache miss)
185 silly packumentCache full:https://registry.npmjs.org/use-callback-ref set size:undefined disposed:false
186 http fetch GET 200 https://registry.npmjs.org/@radix-ui%2freact-use-callback-ref 323ms (cache miss)
187 silly packumentCache full:https://registry.npmjs.org/@radix-ui%2freact-use-callback-ref set size:undefined disposed:false
188 http fetch GET 200 https://registry.npmjs.org/@radix-ui%2freact-use-effect-event 339ms (cache miss)
189 silly packumentCache full:https://registry.npmjs.org/@radix-ui%2freact-use-effect-event set size:undefined disposed:false
190 http fetch GET 200 https://registry.npmjs.org/use-sidecar 56ms (cache miss)
191 silly packumentCache full:https://registry.npmjs.org/use-sidecar set size:undefined disposed:false
192 silly placeDep ROOT @radix-ui/react-use-callback-ref@1.1.1 OK for: @radix-ui/react-dismissable-layer@1.1.10 want: 1.1.1
193 silly placeDep ROOT @radix-ui/react-use-escape-keydown@1.1.1 OK for: @radix-ui/react-dismissable-layer@1.1.10 want: 1.1.1
194 silly placeDep ROOT @radix-ui/react-use-layout-effect@1.1.1 OK for: @radix-ui/react-id@1.1.1 want: 1.1.1
195 silly placeDep ROOT @radix-ui/react-use-effect-event@0.0.2 OK for: @radix-ui/react-use-controllable-state@1.2.2 want: 0.0.2
196 silly placeDep ROOT motion-dom@12.23.12 OK for: framer-motion@12.23.12 want: ^12.23.12
197 silly placeDep ROOT motion-utils@12.23.6 OK for: framer-motion@12.23.12 want: ^12.23.6
198 silly fetch manifest react@^16.8.0 || ^17.0.0 || ^18.0.0 || ^19.0.0 || ^19.0.0-rc
199 silly packumentCache full:https://registry.npmjs.org/react cache-miss
200 http cache https://registry.npmjs.org/react 9ms (cache hit)
201 silly packumentCache full:https://registry.npmjs.org/react set size:5926605 disposed:false
202 silly placeDep ROOT react-remove-scroll-bar@2.3.8 OK for: react-remove-scroll@2.7.1 want: ^2.3.7
203 silly placeDep ROOT react-style-singleton@2.2.3 OK for: react-remove-scroll@2.7.1 want: ^2.2.3
204 silly placeDep ROOT use-callback-ref@1.3.3 OK for: react-remove-scroll@2.7.1 want: ^1.3.3
205 silly placeDep ROOT use-sidecar@1.1.3 OK for: react-remove-scroll@2.7.1 want: ^1.1.3
206 silly fetch manifest react-style-singleton@^2.2.2
207 silly packumentCache full:https://registry.npmjs.org/react-style-singleton cache-miss
208 silly fetch manifest get-nonce@^1.0.0
209 silly packumentCache full:https://registry.npmjs.org/get-nonce cache-miss
210 silly fetch manifest detect-node-es@^1.1.0
211 silly packumentCache full:https://registry.npmjs.org/detect-node-es cache-miss
212 http cache https://registry.npmjs.org/react-style-singleton 4ms (cache hit)
213 silly packumentCache full:https://registry.npmjs.org/react-style-singleton set size:33682 disposed:false
214 http fetch GET 200 https://registry.npmjs.org/get-nonce 60ms (cache miss)
215 silly packumentCache full:https://registry.npmjs.org/get-nonce set size:undefined disposed:false
216 http fetch GET 200 https://registry.npmjs.org/detect-node-es 88ms (cache miss)
217 silly packumentCache full:https://registry.npmjs.org/detect-node-es set size:undefined disposed:false
218 silly placeDep ROOT get-nonce@1.0.1 OK for: react-style-singleton@2.2.3 want: ^1.0.0
219 silly placeDep ROOT detect-node-es@1.1.0 OK for: use-sidecar@1.1.3 want: ^1.1.0
220 silly reify moves {}
221 silly audit bulk request {
221 silly audit   '@alloc/quick-lru': [ '5.2.0' ],
221 silly audit   '@ampproject/remapping': [ '2.3.0' ],
221 silly audit   '@emnapi/core': [ '1.4.5' ],
221 silly audit   '@emnapi/runtime': [ '1.4.5' ],
221 silly audit   '@emnapi/wasi-threads': [ '1.0.4' ],
221 silly audit   '@eslint-community/eslint-utils': [ '4.7.0' ],
221 silly audit   'eslint-visitor-keys': [ '3.4.3', '4.2.1' ],
221 silly audit   '@eslint-community/regexpp': [ '4.12.1' ],
221 silly audit   '@eslint/config-array': [ '0.21.0' ],
221 silly audit   '@eslint/config-helpers': [ '0.3.1' ],
221 silly audit   '@eslint/core': [ '0.15.2' ],
221 silly audit   '@eslint/eslintrc': [ '3.3.1' ],
221 silly audit   '@eslint/js': [ '9.33.0' ],
221 silly audit   '@eslint/object-schema': [ '2.1.6' ],
221 silly audit   '@eslint/plugin-kit': [ '0.3.5' ],
221 silly audit   '@humanfs/core': [ '0.19.1' ],
221 silly audit   '@humanfs/node': [ '0.16.6' ],
221 silly audit   '@humanwhocodes/retry': [ '0.3.1', '0.4.3' ],
221 silly audit   '@humanwhocodes/module-importer': [ '1.0.1' ],
221 silly audit   '@img/sharp-darwin-arm64': [ '0.34.3' ],
221 silly audit   '@img/sharp-darwin-x64': [ '0.34.3' ],
221 silly audit   '@img/sharp-libvips-darwin-arm64': [ '1.2.0' ],
221 silly audit   '@img/sharp-libvips-darwin-x64': [ '1.2.0' ],
221 silly audit   '@img/sharp-libvips-linux-arm': [ '1.2.0' ],
221 silly audit   '@img/sharp-libvips-linux-arm64': [ '1.2.0' ],
221 silly audit   '@img/sharp-libvips-linux-ppc64': [ '1.2.0' ],
221 silly audit   '@img/sharp-libvips-linux-s390x': [ '1.2.0' ],
221 silly audit   '@img/sharp-libvips-linux-x64': [ '1.2.0' ],
221 silly audit   '@img/sharp-libvips-linuxmusl-arm64': [ '1.2.0' ],
221 silly audit   '@img/sharp-libvips-linuxmusl-x64': [ '1.2.0' ],
221 silly audit   '@img/sharp-linux-arm': [ '0.34.3' ],
221 silly audit   '@img/sharp-linux-arm64': [ '0.34.3' ],
221 silly audit   '@img/sharp-linux-ppc64': [ '0.34.3' ],
221 silly audit   '@img/sharp-linux-s390x': [ '0.34.3' ],
221 silly audit   '@img/sharp-linux-x64': [ '0.34.3' ],
221 silly audit   '@img/sharp-linuxmusl-arm64': [ '0.34.3' ],
221 silly audit   '@img/sharp-linuxmusl-x64': [ '0.34.3' ],
221 silly audit   '@img/sharp-wasm32': [ '0.34.3' ],
221 silly audit   '@img/sharp-win32-arm64': [ '0.34.3' ],
221 silly audit   '@img/sharp-win32-ia32': [ '0.34.3' ],
221 silly audit   '@img/sharp-win32-x64': [ '0.34.3' ],
221 silly audit   '@isaacs/fs-minipass': [ '4.0.1' ],
221 silly audit   '@jridgewell/gen-mapping': [ '0.3.12' ],
221 silly audit   '@jridgewell/resolve-uri': [ '3.1.2' ],
221 silly audit   '@jridgewell/sourcemap-codec': [ '1.5.4' ],
221 silly audit   '@jridgewell/trace-mapping': [ '0.3.29' ],
221 silly audit   '@napi-rs/wasm-runtime': [ '0.2.12' ],
221 silly audit   '@next/env': [ '15.4.6' ],
221 silly audit   '@next/eslint-plugin-next': [ '15.4.6' ],
221 silly audit   '@next/swc-darwin-arm64': [ '15.4.6' ],
221 silly audit   '@next/swc-darwin-x64': [ '15.4.6' ],
221 silly audit   '@next/swc-linux-arm64-gnu': [ '15.4.6' ],
221 silly audit   '@next/swc-linux-arm64-musl': [ '15.4.6' ],
221 silly audit   '@next/swc-linux-x64-gnu': [ '15.4.6' ],
221 silly audit   '@next/swc-linux-x64-musl': [ '15.4.6' ],
221 silly audit   '@next/swc-win32-arm64-msvc': [ '15.4.6' ],
221 silly audit   '@next/swc-win32-x64-msvc': [ '15.4.6' ],
221 silly audit   '@nodelib/fs.scandir': [ '2.1.5' ],
221 silly audit   '@nodelib/fs.stat': [ '2.0.5' ],
221 silly audit   '@nodelib/fs.walk': [ '1.2.8' ],
221 silly audit   '@nolyfill/is-core-module': [ '1.0.39' ],
221 silly audit   '@rtsao/scc': [ '1.1.0' ],
221 silly audit   '@rushstack/eslint-patch': [ '1.12.0' ],
221 silly audit   '@swc/helpers': [ '0.5.15' ],
221 silly audit   '@tailwindcss/node': [ '4.1.11' ],
221 silly audit   '@tailwindcss/oxide': [ '4.1.11' ],
221 silly audit   '@tailwindcss/oxide-android-arm64': [ '4.1.11' ],
221 silly audit   '@tailwindcss/oxide-darwin-arm64': [ '4.1.11' ],
221 silly audit   '@tailwindcss/oxide-darwin-x64': [ '4.1.11' ],
221 silly audit   '@tailwindcss/oxide-freebsd-x64': [ '4.1.11' ],
221 silly audit   '@tailwindcss/oxide-linux-arm-gnueabihf': [ '4.1.11' ],
221 silly audit   '@tailwindcss/oxide-linux-arm64-gnu': [ '4.1.11' ],
221 silly audit   '@tailwindcss/oxide-linux-arm64-musl': [ '4.1.11' ],
221 silly audit   '@tailwindcss/oxide-linux-x64-gnu': [ '4.1.11' ],
221 silly audit   '@tailwindcss/oxide-linux-x64-musl': [ '4.1.11' ],
221 silly audit   '@tailwindcss/oxide-wasm32-wasi': [ '4.1.11' ],
221 silly audit   '@tailwindcss/oxide-win32-arm64-msvc': [ '4.1.11' ],
221 silly audit   '@tailwindcss/oxide-win32-x64-msvc': [ '4.1.11' ],
221 silly audit   '@tailwindcss/postcss': [ '4.1.11' ],
221 silly audit   '@tybys/wasm-util': [ '0.10.0' ],
221 silly audit   '@types/estree': [ '1.0.8' ],
221 silly audit   '@types/json-schema': [ '7.0.15' ],
221 silly audit   '@types/json5': [ '0.0.29' ],
221 silly audit   '@types/node': [ '20.19.10' ],
221 silly audit   '@types/react': [ '19.1.9' ],
221 silly audit   '@types/react-dom': [ '19.1.7' ],
221 silly audit   '@typescript-eslint/eslint-plugin': [ '8.39.0' ],
221 silly audit   ignore: [ '7.0.5', '5.3.2' ],
221 silly audit   '@typescript-eslint/parser': [ '8.39.0' ],
221 silly audit   '@typescript-eslint/project-service': [ '8.39.0' ],
221 silly audit   '@typescript-eslint/scope-manager': [ '8.39.0' ],
221 silly audit   '@typescript-eslint/tsconfig-utils': [ '8.39.0' ],
221 silly audit   '@typescript-eslint/type-utils': [ '8.39.0' ],
221 silly audit   '@typescript-eslint/types': [ '8.39.0' ],
221 silly audit   '@typescript-eslint/typescript-estree': [ '8.39.0' ],
221 silly audit   'brace-expansion': [ '2.0.2', '1.1.12' ],
221 silly audit   'fast-glob': [ '3.3.3', '3.3.1' ],
221 silly audit   'glob-parent': [ '5.1.2', '6.0.2' ],
221 silly audit   minimatch: [ '9.0.5', '3.1.2' ],
221 silly audit   '@typescript-eslint/utils': [ '8.39.0' ],
221 silly audit   '@typescript-eslint/visitor-keys': [ '8.39.0' ],
221 silly audit   '@unrs/resolver-binding-android-arm-eabi': [ '1.11.1' ],
221 silly audit   '@unrs/resolver-binding-android-arm64': [ '1.11.1' ],
221 silly audit   '@unrs/resolver-binding-darwin-arm64': [ '1.11.1' ],
221 silly audit   '@unrs/resolver-binding-darwin-x64': [ '1.11.1' ],
221 silly audit   '@unrs/resolver-binding-freebsd-x64': [ '1.11.1' ],
221 silly audit   '@unrs/resolver-binding-linux-arm-gnueabihf': [ '1.11.1' ],
221 silly audit   '@unrs/resolver-binding-linux-arm-musleabihf': [ '1.11.1' ],
221 silly audit   '@unrs/resolver-binding-linux-arm64-gnu': [ '1.11.1' ],
221 silly audit   '@unrs/resolver-binding-linux-arm64-musl': [ '1.11.1' ],
221 silly audit   '@unrs/resolver-binding-linux-ppc64-gnu': [ '1.11.1' ],
221 silly audit   '@unrs/resolver-binding-linux-riscv64-gnu': [ '1.11.1' ],
221 silly audit   '@unrs/resolver-binding-linux-riscv64-musl': [ '1.11.1' ],
221 silly audit   '@unrs/resolver-binding-linux-s390x-gnu': [ '1.11.1' ],
221 silly audit   '@unrs/resolver-binding-linux-x64-gnu': [ '1.11.1' ],
221 silly audit   '@unrs/resolver-binding-linux-x64-musl': [ '1.11.1' ],
221 silly audit   '@unrs/resolver-binding-wasm32-wasi': [ '1.11.1' ],
221 silly audit   '@unrs/resolver-binding-win32-arm64-msvc': [ '1.11.1' ],
221 silly audit   '@unrs/resolver-binding-win32-ia32-msvc': [ '1.11.1' ],
221 silly audit   '@unrs/resolver-binding-win32-x64-msvc': [ '1.11.1' ],
221 silly audit   acorn: [ '8.15.0' ],
221 silly audit   'acorn-jsx': [ '5.3.2' ],
221 silly audit   ajv: [ '6.12.6' ],
221 silly audit   'ansi-styles': [ '4.3.0' ],
221 silly audit   argparse: [ '2.0.1' ],
221 silly audit   'aria-query': [ '5.3.2' ],
221 silly audit   'array-buffer-byte-length': [ '1.0.2' ],
221 silly audit   'array-includes': [ '3.1.9' ],
221 silly audit   'array.prototype.findlast': [ '1.2.5' ],
221 silly audit   'array.prototype.findlastindex': [ '1.2.6' ],
221 silly audit   'array.prototype.flat': [ '1.3.3' ],
221 silly audit   'array.prototype.flatmap': [ '1.3.3' ],
221 silly audit   'array.prototype.tosorted': [ '1.1.4' ],
221 silly audit   'arraybuffer.prototype.slice': [ '1.0.4' ],
221 silly audit   'ast-types-flow': [ '0.0.8' ],
221 silly audit   'async-function': [ '1.0.0' ],
221 silly audit   'available-typed-arrays': [ '1.0.7' ],
221 silly audit   'axe-core': [ '4.10.3' ],
221 silly audit   'axobject-query': [ '4.1.0' ],
221 silly audit   'balanced-match': [ '1.0.2' ],
221 silly audit   braces: [ '3.0.3' ],
221 silly audit   'call-bind': [ '1.0.8' ],
221 silly audit   'call-bind-apply-helpers': [ '1.0.2' ],
221 silly audit   'call-bound': [ '1.0.4' ],
221 silly audit   callsites: [ '3.1.0' ],
221 silly audit   'caniuse-lite': [ '1.0.30001733' ],
221 silly audit   chalk: [ '4.1.2' ],
221 silly audit   chownr: [ '3.0.0' ],
221 silly audit   'client-only': [ '0.0.1' ],
221 silly audit   color: [ '4.2.3' ],
221 silly audit   'color-convert': [ '2.0.1' ],
221 silly audit   'color-name': [ '1.1.4' ],
221 silly audit   'color-string': [ '1.9.1' ],
221 silly audit   'concat-map': [ '0.0.1' ],
221 silly audit   'cross-spawn': [ '7.0.6' ],
221 silly audit   csstype: [ '3.1.3' ],
221 silly audit   'damerau-levenshtein': [ '1.0.8' ],
221 silly audit   'data-view-buffer': [ '1.0.2' ],
221 silly audit   'data-view-byte-length': [ '1.0.2' ],
221 silly audit   'data-view-byte-offset': [ '1.0.1' ],
221 silly audit   debug: [ '4.4.1', '3.2.7' ],
221 silly audit   'deep-is': [ '0.1.4' ],
221 silly audit   'define-data-property': [ '1.1.4' ],
221 silly audit   'define-properties': [ '1.2.1' ],
221 silly audit   'detect-libc': [ '2.0.4' ],
221 silly audit   doctrine: [ '2.1.0' ],
221 silly audit   'dunder-proto': [ '1.0.1' ],
221 silly audit   'emoji-regex': [ '9.2.2' ],
221 silly audit   'enhanced-resolve': [ '5.18.3' ],
221 silly audit   'es-abstract': [ '1.24.0' ],
221 silly audit   'es-define-property': [ '1.0.1' ],
221 silly audit   'es-errors': [ '1.3.0' ],
221 silly audit   'es-iterator-helpers': [ '1.2.1' ],
221 silly audit   'es-object-atoms': [ '1.1.1' ],
221 silly audit   'es-set-tostringtag': [ '2.1.0' ],
221 silly audit   'es-shim-unscopables': [ '1.1.0' ],
221 silly audit   'es-to-primitive': [ '1.3.0' ],
221 silly audit   'escape-string-regexp': [ '4.0.0' ],
221 silly audit   eslint: [ '9.33.0' ],
221 silly audit   'eslint-config-next': [ '15.4.6' ],
221 silly audit   'eslint-import-resolver-node': [ '0.3.9' ],
221 silly audit   'eslint-import-resolver-typescript': [ '3.10.1' ],
221 silly audit   'eslint-module-utils': [ '2.12.1' ],
221 silly audit   'eslint-plugin-import': [ '2.32.0' ],
221 silly audit   semver: [ '6.3.1', '7.7.2' ],
221 silly audit   'eslint-plugin-jsx-a11y': [ '6.10.2' ],
221 silly audit   'eslint-plugin-react': [ '7.37.5' ],
221 silly audit   'eslint-plugin-react-hooks': [ '5.2.0' ],
221 silly audit   resolve: [ '2.0.0-next.5', '1.22.10' ],
221 silly audit   'eslint-scope': [ '8.4.0' ],
221 silly audit   espree: [ '10.4.0' ],
221 silly audit   esquery: [ '1.6.0' ],
221 silly audit   esrecurse: [ '4.3.0' ],
221 silly audit   estraverse: [ '5.3.0' ],
221 silly audit   esutils: [ '2.0.3' ],
221 silly audit   'fast-deep-equal': [ '3.1.3' ],
221 silly audit   'fast-json-stable-stringify': [ '2.1.0' ],
221 silly audit   'fast-levenshtein': [ '2.0.6' ],
221 silly audit   fastq: [ '1.19.1' ],
221 silly audit   'file-entry-cache': [ '8.0.0' ],
221 silly audit   'fill-range': [ '7.1.1' ],
221 silly audit   'find-up': [ '5.0.0' ],
221 silly audit   'flat-cache': [ '4.0.1' ],
221 silly audit   flatted: [ '3.3.3' ],
221 silly audit   'for-each': [ '0.3.5' ],
221 silly audit   'function-bind': [ '1.1.2' ],
221 silly audit   'function.prototype.name': [ '1.1.8' ],
221 silly audit   'functions-have-names': [ '1.2.3' ],
221 silly audit   'get-intrinsic': [ '1.3.0' ],
221 silly audit   'get-proto': [ '1.0.1' ],
221 silly audit   'get-symbol-description': [ '1.1.0' ],
221 silly audit   'get-tsconfig': [ '4.10.1' ],
221 silly audit   globals: [ '14.0.0' ],
221 silly audit   globalthis: [ '1.0.4' ],
221 silly audit   gopd: [ '1.2.0' ],
221 silly audit   'graceful-fs': [ '4.2.11' ],
221 silly audit   graphemer: [ '1.4.0' ],
221 silly audit   'has-bigints': [ '1.1.0' ],
221 silly audit   'has-flag': [ '4.0.0' ],
221 silly audit   'has-property-descriptors': [ '1.0.2' ],
221 silly audit   'has-proto': [ '1.2.0' ],
221 silly audit   'has-symbols': [ '1.1.0' ],
221 silly audit   'has-tostringtag': [ '1.0.2' ],
221 silly audit   hasown: [ '2.0.2' ],
221 silly audit   'import-fresh': [ '3.3.1' ],
221 silly audit   imurmurhash: [ '0.1.4' ],
221 silly audit   'internal-slot': [ '1.1.0' ],
221 silly audit   'is-array-buffer': [ '3.0.5' ],
221 silly audit   'is-arrayish': [ '0.3.2' ],
221 silly audit   'is-async-function': [ '2.1.1' ],
221 silly audit   'is-bigint': [ '1.1.0' ],
221 silly audit   'is-boolean-object': [ '1.2.2' ],
221 silly audit   'is-bun-module': [ '2.0.0' ],
221 silly audit   'is-callable': [ '1.2.7' ],
221 silly audit   'is-core-module': [ '2.16.1' ],
221 silly audit   'is-data-view': [ '1.0.2' ],
221 silly audit   'is-date-object': [ '1.1.0' ],
221 silly audit   'is-extglob': [ '2.1.1' ],
221 silly audit   'is-finalizationregistry': [ '1.1.1' ],
221 silly audit   'is-generator-function': [ '1.1.0' ],
221 silly audit   'is-glob': [ '4.0.3' ],
221 silly audit   'is-map': [ '2.0.3' ],
221 silly audit   'is-negative-zero': [ '2.0.3' ],
221 silly audit   'is-number': [ '7.0.0' ],
221 silly audit   'is-number-object': [ '1.1.1' ],
221 silly audit   'is-regex': [ '1.2.1' ],
221 silly audit   'is-set': [ '2.0.3' ],
221 silly audit   'is-shared-array-buffer': [ '1.0.4' ],
221 silly audit   'is-string': [ '1.1.1' ],
221 silly audit   'is-symbol': [ '1.1.1' ],
221 silly audit   'is-typed-array': [ '1.1.15' ],
221 silly audit   'is-weakmap': [ '2.0.2' ],
221 silly audit   'is-weakref': [ '1.1.1' ],
221 silly audit   'is-weakset': [ '2.0.4' ],
221 silly audit   isarray: [ '2.0.5' ],
221 silly audit   isexe: [ '2.0.0' ],
221 silly audit   'iterator.prototype': [ '1.1.5' ],
221 silly audit   jiti: [ '2.5.1' ],
221 silly audit   'js-tokens': [ '4.0.0' ],
221 silly audit   'js-yaml': [ '4.1.0' ],
221 silly audit   'json-buffer': [ '3.0.1' ],
221 silly audit   'json-schema-traverse': [ '0.4.1' ],
221 silly audit   'json-stable-stringify-without-jsonify': [ '1.0.1' ],
221 silly audit   json5: [ '1.0.2' ],
221 silly audit   'jsx-ast-utils': [ '3.3.5' ],
221 silly audit   keyv: [ '4.5.4' ],
221 silly audit   'language-subtag-registry': [ '0.3.23' ],
221 silly audit   'language-tags': [ '1.0.9' ],
221 silly audit   levn: [ '0.4.1' ],
221 silly audit   lightningcss: [ '1.30.1' ],
221 silly audit   'lightningcss-darwin-arm64': [ '1.30.1' ],
221 silly audit   'lightningcss-darwin-x64': [ '1.30.1' ],
221 silly audit   'lightningcss-freebsd-x64': [ '1.30.1' ],
221 silly audit   'lightningcss-linux-arm-gnueabihf': [ '1.30.1' ],
221 silly audit   'lightningcss-linux-arm64-gnu': [ '1.30.1' ],
221 silly audit   'lightningcss-linux-arm64-musl': [ '1.30.1' ],
221 silly audit   'lightningcss-linux-x64-gnu': [ '1.30.1' ],
221 silly audit   'lightningcss-linux-x64-musl': [ '1.30.1' ],
221 silly audit   'lightningcss-win32-arm64-msvc': [ '1.30.1' ],
221 silly audit   'lightningcss-win32-x64-msvc': [ '1.30.1' ],
221 silly audit   'locate-path': [ '6.0.0' ],
221 silly audit   'lodash.merge': [ '4.6.2' ],
221 silly audit   'loose-envify': [ '1.4.0' ],
221 silly audit   'magic-string': [ '0.30.17' ],
221 silly audit   'math-intrinsics': [ '1.1.0' ],
221 silly audit   merge2: [ '1.4.1' ],
221 silly audit   micromatch: [ '4.0.8' ],
221 silly audit   minimist: [ '1.2.8' ],
221 silly audit   minipass: [ '7.1.2' ],
221 silly audit   minizlib: [ '3.0.2' ],
221 silly audit   mkdirp: [ '3.0.1' ],
221 silly audit   ms: [ '2.1.3' ],
221 silly audit   nanoid: [ '3.3.11' ],
221 silly audit   'napi-postinstall': [ '0.3.2' ],
221 silly audit   'natural-compare': [ '1.4.0' ],
221 silly audit   next: [ '15.4.6' ],
221 silly audit   postcss: [ '8.4.31', '8.5.6' ],
221 silly audit   'object-assign': [ '4.1.1' ],
221 silly audit   'object-inspect': [ '1.13.4' ],
221 silly audit   'object-keys': [ '1.1.1' ],
221 silly audit   'object.assign': [ '4.1.7' ],
221 silly audit   'object.entries': [ '1.1.9' ],
221 silly audit   'object.fromentries': [ '2.0.8' ],
221 silly audit   'object.groupby': [ '1.0.3' ],
221 silly audit   'object.values': [ '1.2.1' ],
221 silly audit   optionator: [ '0.9.4' ],
221 silly audit   'own-keys': [ '1.0.1' ],
221 silly audit   'p-limit': [ '3.1.0' ],
221 silly audit   'p-locate': [ '5.0.0' ],
221 silly audit   'parent-module': [ '1.0.1' ],
221 silly audit   'path-exists': [ '4.0.0' ],
221 silly audit   'path-key': [ '3.1.1' ],
221 silly audit   'path-parse': [ '1.0.7' ],
221 silly audit   picocolors: [ '1.1.1' ],
221 silly audit   picomatch: [ '2.3.1', '4.0.3' ],
221 silly audit   'possible-typed-array-names': [ '1.1.0' ],
221 silly audit   'prelude-ls': [ '1.2.1' ],
221 silly audit   'prop-types': [ '15.8.1' ],
221 silly audit   punycode: [ '2.3.1' ],
221 silly audit   'queue-microtask': [ '1.2.3' ],
221 silly audit   react: [ '19.1.0' ],
221 silly audit   'react-dom': [ '19.1.0' ],
221 silly audit   'react-is': [ '16.13.1' ],
221 silly audit   'reflect.getprototypeof': [ '1.0.10' ],
221 silly audit   'regexp.prototype.flags': [ '1.5.4' ],
221 silly audit   'resolve-from': [ '4.0.0' ],
221 silly audit   'resolve-pkg-maps': [ '1.0.0' ],
221 silly audit   reusify: [ '1.1.0' ],
221 silly audit   'run-parallel': [ '1.2.0' ],
221 silly audit   'safe-array-concat': [ '1.1.3' ],
221 silly audit   'safe-push-apply': [ '1.0.0' ],
221 silly audit   'safe-regex-test': [ '1.1.0' ],
221 silly audit   scheduler: [ '0.26.0' ],
221 silly audit   'set-function-length': [ '1.2.2' ],
221 silly audit   'set-function-name': [ '2.0.2' ],
221 silly audit   'set-proto': [ '1.0.0' ],
221 silly audit   sharp: [ '0.34.3' ],
221 silly audit   'shebang-command': [ '2.0.0' ],
221 silly audit   'shebang-regex': [ '3.0.0' ],
221 silly audit   'side-channel': [ '1.1.0' ],
221 silly audit   'side-channel-list': [ '1.0.0' ],
221 silly audit   'side-channel-map': [ '1.0.1' ],
221 silly audit   'side-channel-weakmap': [ '1.0.2' ],
221 silly audit   'simple-swizzle': [ '0.2.2' ],
221 silly audit   'source-map-js': [ '1.2.1' ],
221 silly audit   'stable-hash': [ '0.0.5' ],
221 silly audit   'stop-iteration-iterator': [ '1.1.0' ],
221 silly audit   'string.prototype.includes': [ '2.0.1' ],
221 silly audit   'string.prototype.matchall': [ '4.0.12' ],
221 silly audit   'string.prototype.repeat': [ '1.0.0' ],
221 silly audit   'string.prototype.trim': [ '1.2.10' ],
221 silly audit   'string.prototype.trimend': [ '1.0.9' ],
221 silly audit   'string.prototype.trimstart': [ '1.0.8' ],
221 silly audit   'strip-bom': [ '3.0.0' ],
221 silly audit   'strip-json-comments': [ '3.1.1' ],
221 silly audit   'styled-jsx': [ '5.1.6' ],
221 silly audit   'supports-color': [ '7.2.0' ],
221 silly audit   'supports-preserve-symlinks-flag': [ '1.0.0' ],
221 silly audit   tailwindcss: [ '4.1.11' ],
221 silly audit   tapable: [ '2.2.2' ],
221 silly audit   tar: [ '7.4.3' ],
221 silly audit   tinyglobby: [ '0.2.14' ],
221 silly audit   fdir: [ '6.4.6' ],
221 silly audit   'to-regex-range': [ '5.0.1' ],
221 silly audit   'ts-api-utils': [ '2.1.0' ],
221 silly audit   'tsconfig-paths': [ '3.15.0' ],
221 silly audit   tslib: [ '2.8.1' ],
221 silly audit   'type-check': [ '0.4.0' ],
221 silly audit   'typed-array-buffer': [ '1.0.3' ],
221 silly audit   'typed-array-byte-length': [ '1.0.3' ],
221 silly audit   'typed-array-byte-offset': [ '1.0.4' ],
221 silly audit   'typed-array-length': [ '1.0.7' ],
221 silly audit   typescript: [ '5.9.2' ],
221 silly audit   'unbox-primitive': [ '1.1.0' ],
221 silly audit   'undici-types': [ '6.21.0' ],
221 silly audit   'unrs-resolver': [ '1.11.1' ],
221 silly audit   'uri-js': [ '4.4.1' ],
221 silly audit   which: [ '2.0.2' ],
221 silly audit   'which-boxed-primitive': [ '1.1.1' ],
221 silly audit   'which-builtin-type': [ '1.2.1' ],
221 silly audit   'which-collection': [ '1.0.2' ],
221 silly audit   'which-typed-array': [ '1.1.19' ],
221 silly audit   'word-wrap': [ '1.2.5' ],
221 silly audit   yallist: [ '5.0.0' ],
221 silly audit   'yocto-queue': [ '0.1.0' ],
221 silly audit   '@radix-ui/react-dialog': [ '1.1.14' ],
221 silly audit   'framer-motion': [ '12.23.12' ],
221 silly audit   'lucide-react': [ '0.539.0' ],
221 silly audit   '@radix-ui/primitive': [ '1.1.2' ],
221 silly audit   '@radix-ui/react-compose-refs': [ '1.1.2' ],
221 silly audit   '@radix-ui/react-context': [ '1.1.2' ],
221 silly audit   '@radix-ui/react-dismissable-layer': [ '1.1.10' ],
221 silly audit   '@radix-ui/react-focus-guards': [ '1.1.2' ],
221 silly audit   '@radix-ui/react-focus-scope': [ '1.1.7' ],
221 silly audit   '@radix-ui/react-id': [ '1.1.1' ],
221 silly audit   '@radix-ui/react-portal': [ '1.1.9' ],
221 silly audit   '@radix-ui/react-presence': [ '1.1.4' ],
221 silly audit   '@radix-ui/react-primitive': [ '2.1.3' ],
221 silly audit   '@radix-ui/react-slot': [ '1.2.3' ],
221 silly audit   '@radix-ui/react-use-controllable-state': [ '1.2.2' ],
221 silly audit   'aria-hidden': [ '1.2.6' ],
221 silly audit   'react-remove-scroll': [ '2.7.1' ],
221 silly audit   '@radix-ui/react-use-callback-ref': [ '1.1.1' ],
221 silly audit   '@radix-ui/react-use-escape-keydown': [ '1.1.1' ],
221 silly audit   '@radix-ui/react-use-layout-effect': [ '1.1.1' ],
221 silly audit   '@radix-ui/react-use-effect-event': [ '0.0.2' ],
221 silly audit   'motion-dom': [ '12.23.12' ],
221 silly audit   'motion-utils': [ '12.23.6' ],
221 silly audit   'react-remove-scroll-bar': [ '2.3.8' ],
221 silly audit   'react-style-singleton': [ '2.2.3' ],
221 silly audit   'use-callback-ref': [ '1.3.3' ],
221 silly audit   'use-sidecar': [ '1.1.3' ],
221 silly audit   'get-nonce': [ '1.0.1' ],
221 silly audit   'detect-node-es': [ '1.1.0' ]
221 silly audit }
222 http cache detect-node-es@https://registry.npmjs.org/detect-node-es/-/detect-node-es-1.1.0.tgz 0ms (cache hit)
223 http cache use-callback-ref@https://registry.npmjs.org/use-callback-ref/-/use-callback-ref-1.3.3.tgz 0ms (cache hit)
224 http cache use-sidecar@https://registry.npmjs.org/use-sidecar/-/use-sidecar-1.1.3.tgz 0ms (cache hit)
225 http cache react-style-singleton@https://registry.npmjs.org/react-style-singleton/-/react-style-singleton-2.2.3.tgz 0ms (cache hit)
226 http cache motion-utils@https://registry.npmjs.org/motion-utils/-/motion-utils-12.23.6.tgz 0ms (cache hit)
227 http cache react-remove-scroll-bar@https://registry.npmjs.org/react-remove-scroll-bar/-/react-remove-scroll-bar-2.3.8.tgz 0ms (cache hit)
228 http cache @radix-ui/react-use-effect-event@https://registry.npmjs.org/@radix-ui/react-use-effect-event/-/react-use-effect-event-0.0.2.tgz 0ms (cache hit)
229 http cache motion-dom@https://registry.npmjs.org/motion-dom/-/motion-dom-12.23.12.tgz 0ms (cache hit)
230 http cache @radix-ui/react-use-layout-effect@https://registry.npmjs.org/@radix-ui/react-use-layout-effect/-/react-use-layout-effect-1.1.1.tgz 0ms (cache hit)
231 http cache @radix-ui/react-use-escape-keydown@https://registry.npmjs.org/@radix-ui/react-use-escape-keydown/-/react-use-escape-keydown-1.1.1.tgz 0ms (cache hit)
232 http cache @radix-ui/react-use-callback-ref@https://registry.npmjs.org/@radix-ui/react-use-callback-ref/-/react-use-callback-ref-1.1.1.tgz 0ms (cache hit)
233 http cache aria-hidden@https://registry.npmjs.org/aria-hidden/-/aria-hidden-1.2.6.tgz 0ms (cache hit)
234 http cache get-nonce@https://registry.npmjs.org/get-nonce/-/get-nonce-1.0.1.tgz 0ms (cache hit)
235 http cache @radix-ui/react-use-controllable-state@https://registry.npmjs.org/@radix-ui/react-use-controllable-state/-/react-use-controllable-state-1.2.2.tgz 0ms (cache hit)
236 http cache react-remove-scroll@https://registry.npmjs.org/react-remove-scroll/-/react-remove-scroll-2.7.1.tgz 0ms (cache hit)
237 http cache @radix-ui/react-slot@https://registry.npmjs.org/@radix-ui/react-slot/-/react-slot-1.2.3.tgz 0ms (cache hit)
238 http cache @radix-ui/react-id@https://registry.npmjs.org/@radix-ui/react-id/-/react-id-1.1.1.tgz 0ms (cache hit)
239 http cache @radix-ui/react-portal@https://registry.npmjs.org/@radix-ui/react-portal/-/react-portal-1.1.9.tgz 0ms (cache hit)
240 http cache @radix-ui/react-focus-scope@https://registry.npmjs.org/@radix-ui/react-focus-scope/-/react-focus-scope-1.1.7.tgz 0ms (cache hit)
241 http cache @radix-ui/react-primitive@https://registry.npmjs.org/@radix-ui/react-primitive/-/react-primitive-2.1.3.tgz 0ms (cache hit)
242 http cache @radix-ui/react-focus-guards@https://registry.npmjs.org/@radix-ui/react-focus-guards/-/react-focus-guards-1.1.2.tgz 0ms (cache hit)
243 http cache @radix-ui/react-presence@https://registry.npmjs.org/@radix-ui/react-presence/-/react-presence-1.1.4.tgz 0ms (cache hit)
244 http cache @radix-ui/react-compose-refs@https://registry.npmjs.org/@radix-ui/react-compose-refs/-/react-compose-refs-1.1.2.tgz 0ms (cache hit)
245 http cache @radix-ui/react-dismissable-layer@https://registry.npmjs.org/@radix-ui/react-dismissable-layer/-/react-dismissable-layer-1.1.10.tgz 0ms (cache hit)
246 http cache @radix-ui/primitive@https://registry.npmjs.org/@radix-ui/primitive/-/primitive-1.1.2.tgz 0ms (cache hit)
247 http cache @radix-ui/react-context@https://registry.npmjs.org/@radix-ui/react-context/-/react-context-1.1.2.tgz 0ms (cache hit)
248 http cache lucide-react@https://registry.npmjs.org/lucide-react/-/lucide-react-0.539.0.tgz 0ms (cache hit)
249 http cache framer-motion@https://registry.npmjs.org/framer-motion/-/framer-motion-12.23.12.tgz 0ms (cache hit)
250 silly tarball no local data for detect-node-es@https://registry.npmjs.org/detect-node-es/-/detect-node-es-1.1.0.tgz. Extracting by manifest.
251 silly tarball no local data for use-callback-ref@https://registry.npmjs.org/use-callback-ref/-/use-callback-ref-1.3.3.tgz. Extracting by manifest.
252 silly tarball no local data for use-sidecar@https://registry.npmjs.org/use-sidecar/-/use-sidecar-1.1.3.tgz. Extracting by manifest.
253 silly tarball no local data for react-style-singleton@https://registry.npmjs.org/react-style-singleton/-/react-style-singleton-2.2.3.tgz. Extracting by manifest.
254 http cache @radix-ui/react-dialog@https://registry.npmjs.org/@radix-ui/react-dialog/-/react-dialog-1.1.14.tgz 0ms (cache hit)
255 silly tarball no local data for motion-utils@https://registry.npmjs.org/motion-utils/-/motion-utils-12.23.6.tgz. Extracting by manifest.
256 silly tarball no local data for react-remove-scroll-bar@https://registry.npmjs.org/react-remove-scroll-bar/-/react-remove-scroll-bar-2.3.8.tgz. Extracting by manifest.
257 silly tarball no local data for @radix-ui/react-use-effect-event@https://registry.npmjs.org/@radix-ui/react-use-effect-event/-/react-use-effect-event-0.0.2.tgz. Extracting by manifest.
258 silly tarball no local data for motion-dom@https://registry.npmjs.org/motion-dom/-/motion-dom-12.23.12.tgz. Extracting by manifest.
259 silly tarball no local data for @radix-ui/react-use-layout-effect@https://registry.npmjs.org/@radix-ui/react-use-layout-effect/-/react-use-layout-effect-1.1.1.tgz. Extracting by manifest.
260 silly tarball no local data for @radix-ui/react-use-escape-keydown@https://registry.npmjs.org/@radix-ui/react-use-escape-keydown/-/react-use-escape-keydown-1.1.1.tgz. Extracting by manifest.
261 silly tarball no local data for @radix-ui/react-use-callback-ref@https://registry.npmjs.org/@radix-ui/react-use-callback-ref/-/react-use-callback-ref-1.1.1.tgz. Extracting by manifest.
262 silly tarball no local data for aria-hidden@https://registry.npmjs.org/aria-hidden/-/aria-hidden-1.2.6.tgz. Extracting by manifest.
263 silly tarball no local data for get-nonce@https://registry.npmjs.org/get-nonce/-/get-nonce-1.0.1.tgz. Extracting by manifest.
264 silly tarball no local data for @radix-ui/react-use-controllable-state@https://registry.npmjs.org/@radix-ui/react-use-controllable-state/-/react-use-controllable-state-1.2.2.tgz. Extracting by manifest.
265 silly tarball no local data for react-remove-scroll@https://registry.npmjs.org/react-remove-scroll/-/react-remove-scroll-2.7.1.tgz. Extracting by manifest.
266 silly tarball no local data for @radix-ui/react-slot@https://registry.npmjs.org/@radix-ui/react-slot/-/react-slot-1.2.3.tgz. Extracting by manifest.
267 silly tarball no local data for @radix-ui/react-id@https://registry.npmjs.org/@radix-ui/react-id/-/react-id-1.1.1.tgz. Extracting by manifest.
268 silly tarball no local data for @radix-ui/react-portal@https://registry.npmjs.org/@radix-ui/react-portal/-/react-portal-1.1.9.tgz. Extracting by manifest.
269 silly tarball no local data for @radix-ui/react-focus-scope@https://registry.npmjs.org/@radix-ui/react-focus-scope/-/react-focus-scope-1.1.7.tgz. Extracting by manifest.
270 silly tarball no local data for @radix-ui/react-primitive@https://registry.npmjs.org/@radix-ui/react-primitive/-/react-primitive-2.1.3.tgz. Extracting by manifest.
271 silly tarball no local data for @radix-ui/react-focus-guards@https://registry.npmjs.org/@radix-ui/react-focus-guards/-/react-focus-guards-1.1.2.tgz. Extracting by manifest.
272 silly tarball no local data for @radix-ui/react-presence@https://registry.npmjs.org/@radix-ui/react-presence/-/react-presence-1.1.4.tgz. Extracting by manifest.
273 silly tarball no local data for @radix-ui/react-compose-refs@https://registry.npmjs.org/@radix-ui/react-compose-refs/-/react-compose-refs-1.1.2.tgz. Extracting by manifest.
274 silly tarball no local data for @radix-ui/react-dismissable-layer@https://registry.npmjs.org/@radix-ui/react-dismissable-layer/-/react-dismissable-layer-1.1.10.tgz. Extracting by manifest.
275 silly tarball no local data for @radix-ui/primitive@https://registry.npmjs.org/@radix-ui/primitive/-/primitive-1.1.2.tgz. Extracting by manifest.
276 silly tarball no local data for @radix-ui/react-context@https://registry.npmjs.org/@radix-ui/react-context/-/react-context-1.1.2.tgz. Extracting by manifest.
277 silly tarball no local data for lucide-react@https://registry.npmjs.org/lucide-react/-/lucide-react-0.539.0.tgz. Extracting by manifest.
278 silly tarball no local data for framer-motion@https://registry.npmjs.org/framer-motion/-/framer-motion-12.23.12.tgz. Extracting by manifest.
279 silly tarball no local data for @radix-ui/react-dialog@https://registry.npmjs.org/@radix-ui/react-dialog/-/react-dialog-1.1.14.tgz. Extracting by manifest.
280 http fetch GET 200 https://registry.npmjs.org/react-remove-scroll-bar/-/react-remove-scroll-bar-2.3.8.tgz 56ms (cache miss)
281 http fetch GET 200 https://registry.npmjs.org/react-style-singleton/-/react-style-singleton-2.2.3.tgz 64ms (cache miss)
282 http fetch GET 200 https://registry.npmjs.org/use-sidecar/-/use-sidecar-1.1.3.tgz 65ms (cache miss)
283 http fetch GET 200 https://registry.npmjs.org/motion-utils/-/motion-utils-12.23.6.tgz 69ms (cache miss)
284 http fetch GET 200 https://registry.npmjs.org/detect-node-es/-/detect-node-es-1.1.0.tgz 75ms (cache miss)
285 http fetch GET 200 https://registry.npmjs.org/use-callback-ref/-/use-callback-ref-1.3.3.tgz 78ms (cache miss)
286 http fetch GET 200 https://registry.npmjs.org/get-nonce/-/get-nonce-1.0.1.tgz 83ms (cache miss)
287 http fetch GET 200 https://registry.npmjs.org/motion-dom/-/motion-dom-12.23.12.tgz 91ms (cache miss)
288 http fetch GET 200 https://registry.npmjs.org/@radix-ui/react-use-effect-event/-/react-use-effect-event-0.0.2.tgz 96ms (cache miss)
289 http fetch GET 200 https://registry.npmjs.org/react-remove-scroll/-/react-remove-scroll-2.7.1.tgz 96ms (cache miss)
290 http fetch GET 200 https://registry.npmjs.org/aria-hidden/-/aria-hidden-1.2.6.tgz 102ms (cache miss)
291 http fetch GET 200 https://registry.npmjs.org/@radix-ui/react-use-callback-ref/-/react-use-callback-ref-1.1.1.tgz 124ms (cache miss)
292 http fetch GET 200 https://registry.npmjs.org/@radix-ui/react-use-escape-keydown/-/react-use-escape-keydown-1.1.1.tgz 131ms (cache miss)
293 http fetch GET 200 https://registry.npmjs.org/@radix-ui/react-slot/-/react-slot-1.2.3.tgz 145ms (cache miss)
294 http fetch GET 200 https://registry.npmjs.org/@radix-ui/react-focus-guards/-/react-focus-guards-1.1.2.tgz 148ms (cache miss)
295 http fetch GET 200 https://registry.npmjs.org/@radix-ui/react-focus-scope/-/react-focus-scope-1.1.7.tgz 161ms (cache miss)
296 http fetch GET 200 https://registry.npmjs.org/@radix-ui/react-use-layout-effect/-/react-use-layout-effect-1.1.1.tgz 163ms (cache miss)
297 http fetch GET 200 https://registry.npmjs.org/@radix-ui/react-portal/-/react-portal-1.1.9.tgz 162ms (cache miss)
298 http fetch GET 200 https://registry.npmjs.org/@radix-ui/react-primitive/-/react-primitive-2.1.3.tgz 168ms (cache miss)
299 http fetch GET 200 https://registry.npmjs.org/@radix-ui/react-presence/-/react-presence-1.1.4.tgz 168ms (cache miss)
300 http fetch GET 200 https://registry.npmjs.org/@radix-ui/react-dismissable-layer/-/react-dismissable-layer-1.1.10.tgz 178ms (cache miss)
301 http fetch GET 200 https://registry.npmjs.org/@radix-ui/react-use-controllable-state/-/react-use-controllable-state-1.2.2.tgz 179ms (cache miss)
302 http fetch GET 200 https://registry.npmjs.org/@radix-ui/react-id/-/react-id-1.1.1.tgz 224ms (cache miss)
303 http fetch GET 200 https://registry.npmjs.org/@radix-ui/react-compose-refs/-/react-compose-refs-1.1.2.tgz 223ms (cache miss)
304 http fetch GET 200 https://registry.npmjs.org/@radix-ui/primitive/-/primitive-1.1.2.tgz 227ms (cache miss)
305 http fetch POST 200 https://registry.npmjs.org/-/npm/v1/security/advisories/bulk 254ms
306 silly audit report {}
307 http fetch GET 200 https://registry.npmjs.org/@radix-ui/react-dialog/-/react-dialog-1.1.14.tgz 245ms (cache miss)
308 http fetch GET 200 https://registry.npmjs.org/@radix-ui/react-context/-/react-context-1.1.2.tgz 248ms (cache miss)
309 http fetch GET 200 https://registry.npmjs.org/framer-motion/-/framer-motion-12.23.12.tgz 278ms (cache miss)
310 http fetch GET 200 https://registry.npmjs.org/lucide-react/-/lucide-react-0.539.0.tgz 591ms (cache miss)
311 silly ADD node_modules/detect-node-es
312 silly ADD node_modules/get-nonce
313 silly ADD node_modules/use-sidecar
314 silly ADD node_modules/use-callback-ref
315 silly ADD node_modules/react-style-singleton
316 silly ADD node_modules/react-remove-scroll-bar
317 silly ADD node_modules/motion-utils
318 silly ADD node_modules/motion-dom
319 silly ADD node_modules/@radix-ui/react-use-effect-event
320 silly ADD node_modules/@radix-ui/react-use-layout-effect
321 silly ADD node_modules/@radix-ui/react-use-escape-keydown
322 silly ADD node_modules/@radix-ui/react-use-callback-ref
323 silly ADD node_modules/react-remove-scroll
324 silly ADD node_modules/aria-hidden
325 silly ADD node_modules/@radix-ui/react-use-controllable-state
326 silly ADD node_modules/@radix-ui/react-slot
327 silly ADD node_modules/@radix-ui/react-primitive
328 silly ADD node_modules/@radix-ui/react-presence
329 silly ADD node_modules/@radix-ui/react-portal
330 silly ADD node_modules/@radix-ui/react-id
331 silly ADD node_modules/@radix-ui/react-focus-scope
332 silly ADD node_modules/@radix-ui/react-focus-guards
333 silly ADD node_modules/@radix-ui/react-dismissable-layer
334 silly ADD node_modules/@radix-ui/react-context
335 silly ADD node_modules/@radix-ui/react-compose-refs
336 silly ADD node_modules/@radix-ui/primitive
337 silly ADD node_modules/lucide-react
338 silly ADD node_modules/framer-motion
339 silly ADD node_modules/@radix-ui/react-dialog
340 verbose cwd /Users/paolagisler/Desktop/Pedro/version3-urbanspirit
341 verbose os Darwin 24.6.0
342 verbose node v22.17.1
343 verbose npm  v11.5.2
344 verbose exit 0
345 info ok
