0 verbose cli /usr/local/bin/node /usr/local/lib/node_modules/npm/bin/npm-cli.js
1 info using npm@11.5.2
2 info using node@v22.17.1
3 silly config load:file:/usr/local/lib/node_modules/npm/npmrc
4 silly config load:file:/Users/paolagisler/Desktop/Pedro/version3-urbanspirit/.npmrc
5 silly config load:file:/Users/paolagisler/.npmrc
6 silly config load:file:/usr/local/etc/npmrc
7 verbose title npm exec shadcn@latest add button
8 verbose argv "exec" "--" "shadcn@latest" "add" "button"
9 verbose logfile logs-max:10 dir:/Users/paolagisler/Desktop/Pedro/version3-urbanspirit/npm-cache/_logs/2025-08-09T03_27_43_418Z-
10 verbose logfile /Users/paolagisler/Desktop/Pedro/version3-urbanspirit/npm-cache/_logs/2025-08-09T03_27_43_418Z-debug-0.log
11 silly logfile done cleaning log files
12 silly packumentCache heap:4345298944 maxSize:1086324736 maxEntrySize:543162368
13 http fetch GET 200 https://registry.npmjs.org/shadcn 137ms (cache revalidated)
14 silly packumentCache heap:4345298944 maxSize:1086324736 maxEntrySize:543162368
15 silly packumentCache heap:4345298944 maxSize:1086324736 maxEntrySize:543162368
16 verbose cwd /Users/paolagisler/Desktop/Pedro/version3-urbanspirit
17 verbose os Darwin 24.6.0
18 verbose node v22.17.1
19 verbose npm  v11.5.2
20 verbose exit 0
21 info ok
